[0m16:17:46.039991 [debug] [MainThread]: Sending event: {'category': 'dbt', 'action': 'invocation', 'label': 'start', 'context': [<snowplow_tracker.self_describing_json.SelfDescribingJson object at 0x00000201EE454890>, <snowplow_tracker.self_describing_json.SelfDescribingJson object at 0x00000201EC276060>, <snowplow_tracker.self_describing_json.SelfDescribingJson object at 0x00000201EE206F00>]}


============================== 16:17:46.043992 | 7c0b0db4-9a60-4233-b73d-e15f59dfc76b ==============================
[0m16:17:46.043992 [info ] [MainThread]: Running with dbt=1.11.0-b3
[0m16:17:46.045018 [debug] [MainThread]: running dbt with arguments {'partial_parse': 'True', 'write_json': 'True', 'send_anonymous_usage_stats': 'True', 'use_colors': 'True', 'cache_selected_only': 'False', 'target_path': 'None', 'version_check': 'True', 'invocation_command': 'dbt init Data_wh', 'log_format': 'default', 'warn_error': 'None', 'introspect': 'True', 'debug': 'False', 'printer_width': '80', 'fail_fast': 'False', 'no_print': 'None', 'quiet': 'False', 'empty': 'None', 'log_cache_events': 'False', 'use_experimental_parser': 'False', 'log_path': 'logs', 'indirect_selection': 'eager', 'profiles_dir': 'C:\\Users\\Minh Dat\\.dbt', 'static_parser': 'True', 'warn_error_options': 'WarnErrorOptionsV2(error=[], warn=[], silence=[])'}
[0m16:17:46.064053 [debug] [MainThread]: Starter project path: C:\Users\Minh Dat\AppData\Roaming\Python\Python312\site-packages\dbt\include\starter_project
[0m16:17:46.108780 [info ] [MainThread]: 
Your new dbt project "Data_wh" was created!

For more information on how to configure the profiles.yml file,
please consult the dbt documentation here:

  https://docs.getdbt.com/docs/configure-your-profile

One more thing:

Need help? Don't hesitate to reach out to us via GitHub issues or on Slack:

  https://community.getdbt.com/

Happy modeling!

[0m16:17:46.108780 [info ] [MainThread]: Setting up your profile.
[0m16:23:47.209121 [info ] [MainThread]: Profile Data_wh written to C:\Users\Minh Dat\.dbt\profiles.yml using target's profile_template.yml and your supplied values. Run 'dbt debug' to validate the connection.
[0m16:23:47.211149 [debug] [MainThread]: Command `dbt init` succeeded at 16:23:47.211149 after 361.30 seconds
[0m16:23:47.211149 [debug] [MainThread]: Sending event: {'category': 'dbt', 'action': 'invocation', 'label': 'end', 'context': [<snowplow_tracker.self_describing_json.SelfDescribingJson object at 0x00000201EE249820>, <snowplow_tracker.self_describing_json.SelfDescribingJson object at 0x0000020186263F80>, <snowplow_tracker.self_describing_json.SelfDescribingJson object at 0x0000020187DC3F20>]}
[0m16:23:47.212148 [debug] [MainThread]: Flushing usage events
[0m16:23:57.262828 [debug] [MainThread]: An error was encountered while trying to flush usage events
[0m16:26:47.060627 [debug] [MainThread]: Sending event: {'category': 'dbt', 'action': 'invocation', 'label': 'start', 'context': [<snowplow_tracker.self_describing_json.SelfDescribingJson object at 0x0000019BE819C3B0>, <snowplow_tracker.self_describing_json.SelfDescribingJson object at 0x0000019BE72C5520>, <snowplow_tracker.self_describing_json.SelfDescribingJson object at 0x0000019BE59224E0>]}


============================== 16:26:47.064656 | e70b396e-5a40-49d8-819c-b11199ff4fce ==============================
[0m16:26:47.064656 [info ] [MainThread]: Running with dbt=1.11.0-b3
[0m16:26:47.065655 [debug] [MainThread]: running dbt with arguments {'partial_parse': 'True', 'write_json': 'True', 'send_anonymous_usage_stats': 'True', 'version_check': 'True', 'cache_selected_only': 'False', 'target_path': 'None', 'use_colors': 'True', 'invocation_command': 'dbt clean', 'log_format': 'default', 'warn_error': 'None', 'introspect': 'True', 'debug': 'False', 'printer_width': '80', 'fail_fast': 'False', 'no_print': 'None', 'empty': 'None', 'quiet': 'False', 'use_experimental_parser': 'False', 'log_cache_events': 'False', 'indirect_selection': 'eager', 'log_path': 'logs', 'profiles_dir': 'C:\\Users\\Minh Dat\\.dbt', 'warn_error_options': 'WarnErrorOptionsV2(error=[], warn=[], silence=[])', 'static_parser': 'True'}
[0m16:26:47.066652 [error] [MainThread]: Encountered an error:
Runtime Error
  No dbt_project.yml found at expected path D:\datawwh\Data\dbt_project.yml
  Verify that each entry within packages.yml (and their transitive dependencies) contains a file named dbt_project.yml
  
[0m16:26:47.067626 [debug] [MainThread]: Command `dbt clean` failed at 16:26:47.067626 after 0.18 seconds
[0m16:26:47.068628 [debug] [MainThread]: Sending event: {'category': 'dbt', 'action': 'invocation', 'label': 'end', 'context': [<snowplow_tracker.self_describing_json.SelfDescribingJson object at 0x0000019BE5422420>, <snowplow_tracker.self_describing_json.SelfDescribingJson object at 0x0000019BE873D0D0>, <snowplow_tracker.self_describing_json.SelfDescribingJson object at 0x0000019BE873D250>]}
[0m16:26:47.068628 [debug] [MainThread]: Flushing usage events
[0m16:26:49.505544 [debug] [MainThread]: An error was encountered while trying to flush usage events
